<?xml version="1.0" encoding="UTF-8"?>
<!-- Generated by org.testng.reporters.JUnitReportReporter -->
<testsuite hostname="Rayyans-PC" failures="0" tests="2" name="qaclickacademy.SeleniumTest" time="0.023" errors="0" timestamp="2020-04-09T12:28:27 EDT" skipped="0">
  <testcase classname="qaclickacademy.SeleniumTest" name="browserAutomation" time="0.019"/>
  <system-out/>
  <testcase classname="qaclickacademy.SeleniumTest" name="elementsUI" time="0.004"/>
  <system-out/>
</testsuite> <!-- qaclickacademy.SeleniumTest -->
