<?xml version="1.0" encoding="UTF-8"?>
<!-- Generated by org.testng.reporters.JUnitReportReporter -->
<testsuite hostname="Rayyans-PC" failures="0" tests="2" name="qaclickacademy.RestAPiTest" time="0.002" errors="0" timestamp="2020-04-09T09:42:37 EDT" skipped="0">
  <testcase classname="qaclickacademy.RestAPiTest" name="deleteTwitter" time="0.001"/>
  <system-out/>
  <testcase classname="qaclickacademy.RestAPiTest" name="postJira" time="0.001"/>
  <system-out/>
</testsuite> <!-- qaclickacademy.RestAPiTest -->
