<?xml version="1.0" encoding="UTF-8"?>
<!-- Generated by org.testng.reporters.JUnitReportReporter -->
<testsuite hostname="Rayyans-PC" failures="0" tests="2" name="qaclickacademy.AppiumTest" time="0.016" errors="0" timestamp="2020-04-09T09:42:37 EDT" skipped="0">
  <testcase classname="qaclickacademy.AppiumTest" name="iosApps" time="0.015"/>
  <system-out/>
  <testcase classname="qaclickacademy.AppiumTest" name="nativeAppAndroid" time="0.001"/>
  <system-out/>
</testsuite> <!-- qaclickacademy.AppiumTest -->
